


banala

Timp de executie = 358 ms
Nr total de noduri calculate =3172
Lungimea drumului = 4


Sparg zidul de pe pozitia 0 0
costul acestei mutari =0
cost total = 0
nr ordine =0
['i', 'i', 'i', 'i', '#', 'o', 'o', 'o', '#']
['#', '#', 'i', '#', '#', '#', '#', '#', 'o']
['o', '#', '#', 'o', 'o', '#', 'o', 'o', 'o']
['#', '#', 'o', 'o', '#', 'o', '#', 'o', '#']
['o', 'o', '#', '#', '#', 'o', '#', '#', 'o']
['o', '#', '#', '#', 'o', '#', '#', 'o', 'o']

Sparg zidul de pe pozitia 1 3
costul acestei mutari =4
cost total = 4
nr ordine =2
['i', 'i', 'i', 'i', '#', 'o', 'o', 'o', '#']
['#', '#', 'i', 'i', '#', '#', '#', '#', 'o']
['o', '#', '#', 'i', 'i', '#', 'o', 'o', 'o']
['#', '#', 'i', 'i', '#', 'o', '#', 'o', '#']
['o', 'o', '#', '#', '#', 'o', '#', '#', 'o']
['o', '#', '#', '#', 'o', '#', '#', 'o', 'o']

Sparg zidul de pe pozitia 3 4
costul acestei mutari =4
cost total = 8
nr ordine =27
['i', 'i', 'i', 'i', '#', 'o', 'o', 'o', '#']
['#', '#', 'i', 'i', '#', '#', '#', '#', 'o']
['o', '#', '#', 'i', 'i', '#', 'o', 'o', 'o']
['#', '#', 'i', 'i', 'i', 'i', '#', 'o', '#']
['o', 'o', '#', '#', '#', 'i', '#', '#', 'o']
['o', '#', '#', '#', 'o', '#', '#', 'o', 'o']

Sparg zidul de pe pozitia 4 4
costul acestei mutari =4
cost total = 12
nr ordine =257
['i', 'i', 'i', 'i', '#', 'o', 'o', 'o', '#']
['#', '#', 'i', 'i', '#', '#', '#', '#', 'o']
['o', '#', '#', 'i', 'i', '#', 'o', 'o', 'o']
['#', '#', 'i', 'i', 'i', 'i', '#', 'o', '#']
['o', 'o', '#', '#', 'i', 'i', '#', '#', 'o']
['o', '#', '#', '#', 'i', '#', '#', 'o', 'o']






 ______________________________________________________ 






admisibila1

Timeout



 ______________________________________________________ 






admisibila2

Timp de executie = 924 ms
Nr total de noduri calculate =3172
Lungimea drumului = 4


Sparg zidul de pe pozitia 0 0
costul acestei mutari =0
cost total = 0
nr ordine =0
['i', 'i', 'i', 'i', '#', 'o', 'o', 'o', '#']
['#', '#', 'i', '#', '#', '#', '#', '#', 'o']
['o', '#', '#', 'o', 'o', '#', 'o', 'o', 'o']
['#', '#', 'o', 'o', '#', 'o', '#', 'o', '#']
['o', 'o', '#', '#', '#', 'o', '#', '#', 'o']
['o', '#', '#', '#', 'o', '#', '#', 'o', 'o']

Sparg zidul de pe pozitia 1 3
costul acestei mutari =4
cost total = 4
nr ordine =2
['i', 'i', 'i', 'i', '#', 'o', 'o', 'o', '#']
['#', '#', 'i', 'i', '#', '#', '#', '#', 'o']
['o', '#', '#', 'i', 'i', '#', 'o', 'o', 'o']
['#', '#', 'i', 'i', '#', 'o', '#', 'o', '#']
['o', 'o', '#', '#', '#', 'o', '#', '#', 'o']
['o', '#', '#', '#', 'o', '#', '#', 'o', 'o']

Sparg zidul de pe pozitia 3 4
costul acestei mutari =4
cost total = 8
nr ordine =27
['i', 'i', 'i', 'i', '#', 'o', 'o', 'o', '#']
['#', '#', 'i', 'i', '#', '#', '#', '#', 'o']
['o', '#', '#', 'i', 'i', '#', 'o', 'o', 'o']
['#', '#', 'i', 'i', 'i', 'i', '#', 'o', '#']
['o', 'o', '#', '#', '#', 'i', '#', '#', 'o']
['o', '#', '#', '#', 'o', '#', '#', 'o', 'o']

Sparg zidul de pe pozitia 4 4
costul acestei mutari =4
cost total = 12
nr ordine =257
['i', 'i', 'i', 'i', '#', 'o', 'o', 'o', '#']
['#', '#', 'i', 'i', '#', '#', '#', '#', 'o']
['o', '#', '#', 'i', 'i', '#', 'o', 'o', 'o']
['#', '#', 'i', 'i', 'i', 'i', '#', 'o', '#']
['o', 'o', '#', '#', 'i', 'i', '#', '#', 'o']
['o', '#', '#', '#', 'i', '#', '#', 'o', 'o']






 ______________________________________________________ 






neadmisibila

Timp de executie = 3 ms
Nr total de noduri calculate =28
Lungimea drumului = 4


Sparg zidul de pe pozitia 0 0
costul acestei mutari =0
cost total = 0
nr ordine =0
['i', 'i', 'i', 'i', '#', 'o', 'o', 'o', '#']
['#', '#', 'i', '#', '#', '#', '#', '#', 'o']
['o', '#', '#', 'o', 'o', '#', 'o', 'o', 'o']
['#', '#', 'o', 'o', '#', 'o', '#', 'o', '#']
['o', 'o', '#', '#', '#', 'o', '#', '#', 'o']
['o', '#', '#', '#', 'o', '#', '#', 'o', 'o']

Sparg zidul de pe pozitia 1 3
costul acestei mutari =4
cost total = 4
nr ordine =2
['i', 'i', 'i', 'i', '#', 'o', 'o', 'o', '#']
['#', '#', 'i', 'i', '#', '#', '#', '#', 'o']
['o', '#', '#', 'i', 'i', '#', 'o', 'o', 'o']
['#', '#', 'i', 'i', '#', 'o', '#', 'o', '#']
['o', 'o', '#', '#', '#', 'o', '#', '#', 'o']
['o', '#', '#', '#', 'o', '#', '#', 'o', 'o']

Sparg zidul de pe pozitia 3 4
costul acestei mutari =4
cost total = 8
nr ordine =12
['i', 'i', 'i', 'i', '#', 'o', 'o', 'o', '#']
['#', '#', 'i', 'i', '#', '#', '#', '#', 'o']
['o', '#', '#', 'i', 'i', '#', 'o', 'o', 'o']
['#', '#', 'i', 'i', 'i', 'i', '#', 'o', '#']
['o', 'o', '#', '#', '#', 'i', '#', '#', 'o']
['o', '#', '#', '#', 'o', '#', '#', 'o', 'o']

Sparg zidul de pe pozitia 4 4
costul acestei mutari =4
cost total = 12
nr ordine =26
['i', 'i', 'i', 'i', '#', 'o', 'o', 'o', '#']
['#', '#', 'i', 'i', '#', '#', '#', '#', 'o']
['o', '#', '#', 'i', 'i', '#', 'o', 'o', 'o']
['#', '#', 'i', 'i', 'i', 'i', '#', 'o', '#']
['o', 'o', '#', '#', 'i', 'i', '#', '#', 'o']
['o', '#', '#', '#', 'i', '#', '#', 'o', 'o']






 ______________________________________________________ 



